[22-Jun-2022 15:31:50 UTC] login: неверный метод
[22-Jun-2022 16:04:13 UTC] additem2: Exception in C:\Users\mad_f\PhpstormProjects\untitled\project-seminar-romanov\src\api\login.php:71
Stack trace:
#0 {main}
[22-Jun-2022 19:57:08 UTC] login: неверный метод
[22-Jun-2022 23:37:18 UTC] additem: неверный метод
[22-Jun-2022 23:37:44 UTC] additem: неверный метод
[22-Jun-2022 23:37:58 UTC] additem: недостаточно данных
[22-Jun-2022 23:38:59 UTC] additem: недостаточно данных
[22-Jun-2022 23:42:42 UTC] additem2: Ошибка запроса к базе
[22-Jun-2022 23:42:45 UTC] additem2: Ошибка запроса к базе
[22-Jun-2022 23:42:50 UTC] additem2: Ошибка запроса к базе
[22-Jun-2022 23:42:52 UTC] additem2: Ошибка запроса к базе
[22-Jun-2022 23:42:54 UTC] additem2: Ошибка запроса к базе
[22-Jun-2022 23:42:57 UTC] additem2: Ошибка запроса к базе
[22-Jun-2022 23:43:07 UTC] additem2: Ошибка запроса к базе
[22-Jun-2022 23:43:13 UTC] additem2: Ошибка запроса к базе
[22-Jun-2022 23:43:41 UTC] additem2: недостаточно данных
[22-Jun-2022 23:43:44 UTC] additem2: недостаточно данных
[22-Jun-2022 23:46:02 UTC] additem2: недостаточно данных
[22-Jun-2022 23:46:06 UTC] additem2: Ошибка запроса к базе
[22-Jun-2022 23:47:28 UTC] additem2: недостаточно данных
[22-Jun-2022 23:49:57 UTC] additem2: Ошибка запроса к базе
[22-Jun-2022 23:50:32 UTC] additem2: PDOException: SQLSTATE[01000]: Warning: 1265 Data truncated for column 'rating' at row 1 in C:\Users\mad_f\PhpstormProjects\untitled\project-seminar-romanov\src\api\additem2.php:58
Stack trace:
#0 C:\Users\mad_f\PhpstormProjects\untitled\project-seminar-romanov\src\api\additem2.php(58): PDOStatement->execute()
#1 {main}
[22-Jun-2022 23:53:10 UTC] additem2: недостаточно данных
[22-Jun-2022 23:54:47 UTC] additem2: недостаточно данных
[22-Jun-2022 23:56:35 UTC] additem2: недостаточно данных
[22-Jun-2022 23:56:37 UTC] additem2: недостаточно данных
[22-Jun-2022 23:56:58 UTC] additem2: Ошибка запроса к базе
[22-Jun-2022 23:57:07 UTC] additem2: недостаточно данных
[23-Jun-2022 00:04:28 UTC] login: неверный метод
[23-Jun-2022 00:56:54 UTC] edititem2: Ошибка запроса к базе
[23-Jun-2022 01:00:25 UTC] edititem2: Ошибка запроса к базе
[23-Jun-2022 01:00:48 UTC] edititem2: Ошибка запроса к базе
[23-Jun-2022 01:00:58 UTC] edititem2: Ошибка запроса к базе
[23-Jun-2022 01:02:35 UTC] edititem2: недостаточно данных
[23-Jun-2022 01:02:59 UTC] edititem2: Ошибка запроса к базе
[23-Jun-2022 01:05:00 UTC] edititem2: Ошибка запроса к базе
[23-Jun-2022 01:05:25 UTC] edititem2: Ошибка запроса к базе
[23-Jun-2022 01:06:05 UTC] edititem2: PDOException: SQLSTATE[22007]: Invalid datetime format: 1292 Truncated incorrect INTEGER value: 'chat1' in C:\Users\mad_f\PhpstormProjects\untitled\project-seminar-romanov\src\api\edititem2.php:74
Stack trace:
#0 C:\Users\mad_f\PhpstormProjects\untitled\project-seminar-romanov\src\api\edititem2.php(74): PDOStatement->execute()
#1 {main}
[23-Jun-2022 01:06:08 UTC] edititem2: PDOException: SQLSTATE[22007]: Invalid datetime format: 1292 Truncated incorrect INTEGER value: 'chat1' in C:\Users\mad_f\PhpstormProjects\untitled\project-seminar-romanov\src\api\edititem2.php:74
Stack trace:
#0 C:\Users\mad_f\PhpstormProjects\untitled\project-seminar-romanov\src\api\edititem2.php(74): PDOStatement->execute()
#1 {main}
[23-Jun-2022 01:07:43 UTC] chat_name=:chat_name&description=:description&rating=:rating&country_id=:country_id&modes_id=:modes_id
[23-Jun-2022 01:07:43 UTC] edititem2: PDOException: SQLSTATE[22007]: Invalid datetime format: 1292 Truncated incorrect INTEGER value: 'chat1' in C:\Users\mad_f\PhpstormProjects\untitled\project-seminar-romanov\src\api\edititem2.php:75
Stack trace:
#0 C:\Users\mad_f\PhpstormProjects\untitled\project-seminar-romanov\src\api\edititem2.php(75): PDOStatement->execute()
#1 {main}
[23-Jun-2022 01:08:44 UTC] UPDATE chat SET chat_name=:chat_name&description=:description&rating=:rating&country_id=:country_id&modes_id=:modes_id WHERE chat.id = :chat_id
[23-Jun-2022 01:08:44 UTC] edititem2: PDOException: SQLSTATE[22007]: Invalid datetime format: 1292 Truncated incorrect INTEGER value: 'chat1' in C:\Users\mad_f\PhpstormProjects\untitled\project-seminar-romanov\src\api\edititem2.php:75
Stack trace:
#0 C:\Users\mad_f\PhpstormProjects\untitled\project-seminar-romanov\src\api\edititem2.php(75): PDOStatement->execute()
#1 {main}
[23-Jun-2022 01:09:21 UTC] UPDATE chat SET chat_name=:chat_name description=:description rating=:rating country_id=:country_id modes_id=:modes_id WHERE chat.id = :chat_id
[23-Jun-2022 01:09:21 UTC] edititem2: PDOException: SQLSTATE[42000]: Syntax error or access violation: 1064 You have an error in your SQL syntax; check the manual that corresponds to your MySQL server version for the right syntax to use near 'description='description1' rating='4.4707' country_id='13' modes_id='14' WHERE c' at line 1 in C:\Users\mad_f\PhpstormProjects\untitled\project-seminar-romanov\src\api\edititem2.php:76
Stack trace:
#0 C:\Users\mad_f\PhpstormProjects\untitled\project-seminar-romanov\src\api\edititem2.php(76): PDOStatement->execute()
#1 {main}
[23-Jun-2022 01:09:36 UTC] UPDATE chat SET chat_name=:chat_name, description=:description, rating=:rating, country_id=:country_id, modes_id=:modes_id WHERE chat.id = :chat_id
[23-Jun-2022 01:10:12 UTC] UPDATE chat SET chat_name=:chat_name, description=:description, rating=:rating, country_id=:country_id, modes_id=:modes_id WHERE chat.id = :chat_id
[23-Jun-2022 01:10:27 UTC] UPDATE chat SET chat_name=:chat_name, description=:description, rating=:rating, country_id=:country_id, modes_id=:modes_id WHERE chat.id = :chat_id
[23-Jun-2022 01:10:27 UTC] edititem2: PDOException: SQLSTATE[HY000]: General error: 1366 Incorrect integer value: 'strange value' for column 'country_id' at row 1 in C:\Users\mad_f\PhpstormProjects\untitled\project-seminar-romanov\src\api\edititem2.php:76
Stack trace:
#0 C:\Users\mad_f\PhpstormProjects\untitled\project-seminar-romanov\src\api\edititem2.php(76): PDOStatement->execute()
#1 {main}
[23-Jun-2022 01:10:34 UTC] UPDATE chat SET chat_name=:chat_name, description=:description, rating=:rating, country_id=:country_id, modes_id=:modes_id WHERE chat.id = :chat_id
[23-Jun-2022 01:10:34 UTC] edititem2: PDOException: SQLSTATE[01000]: Warning: 1265 Data truncated for column 'rating' at row 1 in C:\Users\mad_f\PhpstormProjects\untitled\project-seminar-romanov\src\api\edititem2.php:76
Stack trace:
#0 C:\Users\mad_f\PhpstormProjects\untitled\project-seminar-romanov\src\api\edititem2.php(76): PDOStatement->execute()
#1 {main}
[23-Jun-2022 01:10:56 UTC] UPDATE chat SET chat_name=:chat_name, description=:description, rating=:rating, country_id=:country_id, modes_id=:modes_id WHERE chat.id = :chat_id
[23-Jun-2022 01:13:04 UTC] UPDATE chat SET chat_name=:chat_name, description=:description, rating=:rating, country_id=:country_id, modes_id=:modes_id WHERE chat.id = :chat_id
[23-Jun-2022 01:22:34 UTC] deleteitem2: неверный метод
[23-Jun-2022 01:38:05 UTC] UPDATE chat SET chat_name=:chat_name, description=:description, rating=:rating, country_id=:country_id, modes_id=:modes_id WHERE chat.id = :chat_id
[23-Jun-2022 01:38:05 UTC] edititem2: PDOException: SQLSTATE[01000]: Warning: 1265 Data truncated for column 'rating' at row 1 in C:\Users\mad_f\PhpstormProjects\untitled\project-seminar-romanov\src\api\edititem2.php:76
Stack trace:
#0 C:\Users\mad_f\PhpstormProjects\untitled\project-seminar-romanov\src\api\edititem2.php(76): PDOStatement->execute()
#1 {main}
[23-Jun-2022 01:38:12 UTC] UPDATE chat SET chat_name=:chat_name, description=:description, rating=:rating, country_id=:country_id, modes_id=:modes_id WHERE chat.id = :chat_id
[23-Jun-2022 01:38:12 UTC] edititem2: PDOException: SQLSTATE[01000]: Warning: 1265 Data truncated for column 'rating' at row 1 in C:\Users\mad_f\PhpstormProjects\untitled\project-seminar-romanov\src\api\edititem2.php:76
Stack trace:
#0 C:\Users\mad_f\PhpstormProjects\untitled\project-seminar-romanov\src\api\edititem2.php(76): PDOStatement->execute()
#1 {main}
[23-Jun-2022 01:39:26 UTC] UPDATE chat SET chat_name=:chat_name, description=:description, rating=:rating, country_id=:country_id, modes_id=:modes_id WHERE chat.id = :chat_id
[23-Jun-2022 01:39:26 UTC] edititem2: PDOException: SQLSTATE[01000]: Warning: 1265 Data truncated for column 'rating' at row 1 in C:\Users\mad_f\PhpstormProjects\untitled\project-seminar-romanov\src\api\edititem2.php:76
Stack trace:
#0 C:\Users\mad_f\PhpstormProjects\untitled\project-seminar-romanov\src\api\edititem2.php(76): PDOStatement->execute()
#1 {main}
[23-Jun-2022 01:39:31 UTC] UPDATE chat SET chat_name=:chat_name, description=:description, rating=:rating, country_id=:country_id, modes_id=:modes_id WHERE chat.id = :chat_id
[23-Jun-2022 01:39:31 UTC] edititem2: PDOException: SQLSTATE[01000]: Warning: 1265 Data truncated for column 'rating' at row 1 in C:\Users\mad_f\PhpstormProjects\untitled\project-seminar-romanov\src\api\edititem2.php:76
Stack trace:
#0 C:\Users\mad_f\PhpstormProjects\untitled\project-seminar-romanov\src\api\edititem2.php(76): PDOStatement->execute()
#1 {main}
[23-Jun-2022 01:40:47 UTC] UPDATE chat SET chat_name=:chat_name, description=:description, country_id=:country_id, modes_id=:modes_id WHERE chat.id = :chat_id
[23-Jun-2022 01:41:08 UTC] UPDATE chat SET chat_name=:chat_name, description=:description, country_id=:country_id, modes_id=:modes_id WHERE chat.id = :chat_id
[23-Jun-2022 01:41:08 UTC] edititem2: PDOException: SQLSTATE[23000]: Integrity constraint violation: 1452 Cannot add or update a child row: a foreign key constraint fails (`mydb`.`chat`, CONSTRAINT `fk_chat_country1` FOREIGN KEY (`country_id`) REFERENCES `country` (`id`)) in C:\Users\mad_f\PhpstormProjects\untitled\project-seminar-romanov\src\api\edititem2.php:76
Stack trace:
#0 C:\Users\mad_f\PhpstormProjects\untitled\project-seminar-romanov\src\api\edititem2.php(76): PDOStatement->execute()
#1 {main}
[23-Jun-2022 01:41:11 UTC] UPDATE chat SET chat_name=:chat_name, description=:description, country_id=:country_id, modes_id=:modes_id WHERE chat.id = :chat_id
[23-Jun-2022 01:59:02 UTC] deleteitem2: недостаточно данных
[23-Jun-2022 01:59:04 UTC] deleteitem2: недостаточно данных
[23-Jun-2022 02:00:36 UTC] deleteitem2: недостаточно данных
[23-Jun-2022 02:02:19 UTC] deleteitem2: недостаточно данных
[23-Jun-2022 02:02:23 UTC] deleteitem2: недостаточно данных
[23-Jun-2022 02:02:47 UTC] deleteitem2: недостаточно данных
[23-Jun-2022 02:02:48 UTC] deleteitem2: недостаточно данных
[23-Jun-2022 02:02:50 UTC] deleteitem2: недостаточно данных
[23-Jun-2022 02:02:52 UTC] deleteitem2: недостаточно данных
[23-Jun-2022 02:03:03 UTC] deleteitem2: недостаточно данных
[23-Jun-2022 02:03:07 UTC] deleteitem2: недостаточно данных
[23-Jun-2022 02:09:14 UTC] UPDATE chat SET chat_name=:chat_name, description=:description, rating=:rating, country_id=:country_id, modes_id=:modes_id WHERE chat.id = :chat_id
[23-Jun-2022 02:45:28 UTC] UPDATE chat SET country_id=:country_id WHERE chat.id = :chat_id
[23-Jun-2022 02:47:11 UTC] UPDATE chat SET chat_name=:chat_name, description=:description, rating=:rating, country_id=:country_id, modes_id=:modes_id WHERE chat.id = :chat_id
