[22-Jun-2022 03:55:03 UTC] login: неверный метод
[22-Jun-2022 03:56:50 UTC] login: недостаточно данных
[22-Jun-2022 03:57:19 UTC] additem2: Ошибка запроса к базе
[22-Jun-2022 03:57:56 UTC] additem2: PDOException: SQLSTATE[42000]: Syntax error or access violation: 1064 You have an error in your SQL syntax; check the manual that corresponds to your MySQL server version for the right syntax to use near 'FROM user password WHERE username = 'user1'' at line 1 in C:\Users\mad_f\PhpstormProjects\untitled\project-seminar-romanov\login.php:35
Stack trace:
#0 C:\Users\mad_f\PhpstormProjects\untitled\project-seminar-romanov\login.php(35): PDOStatement->execute()
#1 {main}
[22-Jun-2022 03:58:44 UTC] additem2: PDOException: SQLSTATE[42000]: Syntax error or access violation: 1064 You have an error in your SQL syntax; check the manual that corresponds to your MySQL server version for the right syntax to use near 'FROM user password WHERE user.username = 'user1'' at line 1 in C:\Users\mad_f\PhpstormProjects\untitled\project-seminar-romanov\login.php:35
Stack trace:
#0 C:\Users\mad_f\PhpstormProjects\untitled\project-seminar-romanov\login.php(35): PDOStatement->execute()
#1 {main}
[22-Jun-2022 04:02:27 UTC] PHP Fatal error:  Uncaught ArgumentCountError: password_hash() expects at least 2 arguments, 1 given in C:\Users\mad_f\PhpstormProjects\untitled\project-seminar-romanov\additem.php:43
Stack trace:
#0 C:\Users\mad_f\PhpstormProjects\untitled\project-seminar-romanov\additem.php(43): password_hash()
#1 {main}
  thrown in C:\Users\mad_f\PhpstormProjects\untitled\project-seminar-romanov\additem.php on line 43
[22-Jun-2022 04:05:32 UTC] additem: Ошибка запроса к базе
[22-Jun-2022 04:06:17 UTC] additem: PDOException: SQLSTATE[22001]: String data, right truncated: 1406 Data too long for column 'password' at row 1 in C:\Users\mad_f\PhpstormProjects\untitled\project-seminar-romanov\additem.php:48
Stack trace:
#0 C:\Users\mad_f\PhpstormProjects\untitled\project-seminar-romanov\additem.php(48): PDOStatement->execute()
#1 {main}
[22-Jun-2022 04:07:09 UTC] PHP Warning:  session_start(): open(C:\Users\mad_f\PhpstormProjects\untitled\project-seminar-romanov/sessions\sess_hhdf0r05b6d9um0s6b8h5cnevi, O_RDWR) failed: No such file or directory (2) in C:\Users\mad_f\PhpstormProjects\untitled\project-seminar-romanov\login.php on line 55
[22-Jun-2022 04:07:09 UTC] PHP Warning:  session_start(): Failed to read session data: files (path: C:\Users\mad_f\PhpstormProjects\untitled\project-seminar-romanov/sessions) in C:\Users\mad_f\PhpstormProjects\untitled\project-seminar-romanov\login.php on line 55
[22-Jun-2022 04:10:14 UTC] PHP Warning:  Undefined array key "username" in C:\Users\mad_f\PhpstormProjects\untitled\project-seminar-romanov\logout.php on line 32
[22-Jun-2022 04:10:14 UTC] PHP Warning:  session_start(): open(C:\Users\mad_f\PhpstormProjects\untitled\project-seminar-romanov/sessions\sess_cjl1dnr7euk490o4mj5ud9ra2b, O_RDWR) failed: No such file or directory (2) in C:\Users\mad_f\PhpstormProjects\untitled\project-seminar-romanov\logout.php on line 47
[22-Jun-2022 04:10:14 UTC] PHP Warning:  session_start(): Failed to read session data: files (path: C:\Users\mad_f\PhpstormProjects\untitled\project-seminar-romanov/sessions) in C:\Users\mad_f\PhpstormProjects\untitled\project-seminar-romanov\logout.php on line 47
[22-Jun-2022 04:10:19 UTC] PHP Warning:  Undefined array key "username" in C:\Users\mad_f\PhpstormProjects\untitled\project-seminar-romanov\logout.php on line 32
[22-Jun-2022 04:10:19 UTC] PHP Warning:  session_start(): open(C:\Users\mad_f\PhpstormProjects\untitled\project-seminar-romanov/sessions\sess_6mcourpvf1dcf4bk3r900j43uq, O_RDWR) failed: No such file or directory (2) in C:\Users\mad_f\PhpstormProjects\untitled\project-seminar-romanov\logout.php on line 47
[22-Jun-2022 04:10:19 UTC] PHP Warning:  session_start(): Failed to read session data: files (path: C:\Users\mad_f\PhpstormProjects\untitled\project-seminar-romanov/sessions) in C:\Users\mad_f\PhpstormProjects\untitled\project-seminar-romanov\logout.php on line 47
[22-Jun-2022 04:10:28 UTC] PHP Warning:  session_start(): open(C:\Users\mad_f\PhpstormProjects\untitled\project-seminar-romanov/sessions\sess_h5g2meqsvv21v6eabv6vuk1veu, O_RDWR) failed: No such file or directory (2) in C:\Users\mad_f\PhpstormProjects\untitled\project-seminar-romanov\login.php on line 55
[22-Jun-2022 04:10:28 UTC] PHP Warning:  session_start(): Failed to read session data: files (path: C:\Users\mad_f\PhpstormProjects\untitled\project-seminar-romanov/sessions) in C:\Users\mad_f\PhpstormProjects\untitled\project-seminar-romanov\login.php on line 55
[22-Jun-2022 04:10:32 UTC] PHP Warning:  Undefined array key "username" in C:\Users\mad_f\PhpstormProjects\untitled\project-seminar-romanov\logout.php on line 32
[22-Jun-2022 04:10:32 UTC] PHP Warning:  session_start(): open(C:\Users\mad_f\PhpstormProjects\untitled\project-seminar-romanov/sessions\sess_03a9qga976mqukr875125arue5, O_RDWR) failed: No such file or directory (2) in C:\Users\mad_f\PhpstormProjects\untitled\project-seminar-romanov\logout.php on line 47
[22-Jun-2022 04:10:32 UTC] PHP Warning:  session_start(): Failed to read session data: files (path: C:\Users\mad_f\PhpstormProjects\untitled\project-seminar-romanov/sessions) in C:\Users\mad_f\PhpstormProjects\untitled\project-seminar-romanov\logout.php on line 47
[22-Jun-2022 04:13:39 UTC] PHP Warning:  session_start(): open(C:\Users\mad_f\PhpstormProjects\untitled\project-seminar-romanov/sessions\sess_2aq5l1f8m1cj36nu1lk2ip9jei, O_RDWR) failed: No such file or directory (2) in C:\Users\mad_f\PhpstormProjects\untitled\project-seminar-romanov\login.php on line 55
[22-Jun-2022 04:13:39 UTC] PHP Warning:  session_start(): Failed to read session data: files (path: C:\Users\mad_f\PhpstormProjects\untitled\project-seminar-romanov/sessions) in C:\Users\mad_f\PhpstormProjects\untitled\project-seminar-romanov\login.php on line 55
[22-Jun-2022 04:13:53 UTC] PHP Warning:  Undefined array key "username" in C:\Users\mad_f\PhpstormProjects\untitled\project-seminar-romanov\logout.php on line 32
[22-Jun-2022 04:13:53 UTC] PHP Warning:  session_start(): open(C:\Users\mad_f\PhpstormProjects\untitled\project-seminar-romanov/sessions\sess_5j340uvqamdi8v8unej8n5o7bi, O_RDWR) failed: No such file or directory (2) in C:\Users\mad_f\PhpstormProjects\untitled\project-seminar-romanov\logout.php on line 47
[22-Jun-2022 04:13:53 UTC] PHP Warning:  session_start(): Failed to read session data: files (path: C:\Users\mad_f\PhpstormProjects\untitled\project-seminar-romanov/sessions) in C:\Users\mad_f\PhpstormProjects\untitled\project-seminar-romanov\logout.php on line 47
[22-Jun-2022 04:14:11 UTC] PHP Warning:  Undefined array key "username" in C:\Users\mad_f\PhpstormProjects\untitled\project-seminar-romanov\logout.php on line 32
[22-Jun-2022 04:14:11 UTC] PHP Warning:  session_start(): open(C:\Users\mad_f\PhpstormProjects\untitled\project-seminar-romanov/sessions\sess_kgm20eknosticc7bcjhofefteb, O_RDWR) failed: No such file or directory (2) in C:\Users\mad_f\PhpstormProjects\untitled\project-seminar-romanov\logout.php on line 47
[22-Jun-2022 04:14:11 UTC] PHP Warning:  session_start(): Failed to read session data: files (path: C:\Users\mad_f\PhpstormProjects\untitled\project-seminar-romanov/sessions) in C:\Users\mad_f\PhpstormProjects\untitled\project-seminar-romanov\logout.php on line 47
[22-Jun-2022 04:15:09 UTC] PHP Warning:  Undefined variable $_SESSION in C:\Users\mad_f\PhpstormProjects\untitled\project-seminar-romanov\logout.php on line 33
[22-Jun-2022 04:15:13 UTC] PHP Warning:  Undefined variable $_SESSION in C:\Users\mad_f\PhpstormProjects\untitled\project-seminar-romanov\logout.php on line 33
[22-Jun-2022 04:15:23 UTC] PHP Warning:  session_start(): open(C:\Users\mad_f\PhpstormProjects\untitled\project-seminar-romanov/sessions\sess_g2ghnssc4e7quon0nrsd0fqbbr, O_RDWR) failed: No such file or directory (2) in C:\Users\mad_f\PhpstormProjects\untitled\project-seminar-romanov\login.php on line 55
[22-Jun-2022 04:15:23 UTC] PHP Warning:  session_start(): Failed to read session data: files (path: C:\Users\mad_f\PhpstormProjects\untitled\project-seminar-romanov/sessions) in C:\Users\mad_f\PhpstormProjects\untitled\project-seminar-romanov\login.php on line 55
[22-Jun-2022 04:15:36 UTC] PHP Warning:  Undefined variable $_SESSION in C:\Users\mad_f\PhpstormProjects\untitled\project-seminar-romanov\logout.php on line 33
[22-Jun-2022 04:16:34 UTC] PHP Warning:  Undefined variable $_SESSION in C:\Users\mad_f\PhpstormProjects\untitled\project-seminar-romanov\logout.php on line 38
[22-Jun-2022 04:17:26 UTC] PHP Warning:  session_start(): open(C:\Users\mad_f\PhpstormProjects\untitled\project-seminar-romanov/sessions\sess_0u2mmkf0oa8sm5s9eiffc1c4hv, O_RDWR) failed: No such file or directory (2) in C:\Users\mad_f\PhpstormProjects\untitled\project-seminar-romanov\login.php on line 55
[22-Jun-2022 04:17:26 UTC] PHP Warning:  session_start(): Failed to read session data: files (path: C:\Users\mad_f\PhpstormProjects\untitled\project-seminar-romanov/sessions) in C:\Users\mad_f\PhpstormProjects\untitled\project-seminar-romanov\login.php on line 55
[22-Jun-2022 04:17:31 UTC] PHP Warning:  Undefined variable $_SESSION in C:\Users\mad_f\PhpstormProjects\untitled\project-seminar-romanov\logout.php on line 38
[22-Jun-2022 04:17:48 UTC] PHP Warning:  Undefined variable $_SESSION in C:\Users\mad_f\PhpstormProjects\untitled\project-seminar-romanov\logout.php on line 38
[22-Jun-2022 04:17:52 UTC] PHP Warning:  Undefined variable $_SESSION in C:\Users\mad_f\PhpstormProjects\untitled\project-seminar-romanov\logout.php on line 38
[22-Jun-2022 04:18:08 UTC] PHP Warning:  session_start(): open(C:\Users\mad_f\PhpstormProjects\untitled\project-seminar-romanov/sessions\sess_vo7rp6gfaigmhsof0p47916dst, O_RDWR) failed: No such file or directory (2) in C:\Users\mad_f\PhpstormProjects\untitled\project-seminar-romanov\logout.php on line 38
[22-Jun-2022 04:18:08 UTC] PHP Warning:  session_start(): Failed to read session data: files (path: C:\Users\mad_f\PhpstormProjects\untitled\project-seminar-romanov/sessions) in C:\Users\mad_f\PhpstormProjects\untitled\project-seminar-romanov\logout.php on line 38
[22-Jun-2022 04:20:24 UTC] PHP Warning:  session_start(): open(C:\Users\mad_f\PhpstormProjects\untitled\project-seminar-romanov/sessions\sess_913u9ihofbdfevc80cvl1dlfvl, O_RDWR) failed: No such file or directory (2) in C:\Users\mad_f\PhpstormProjects\untitled\project-seminar-romanov\login.php on line 55
[22-Jun-2022 04:20:24 UTC] PHP Warning:  session_start(): Failed to read session data: files (path: C:\Users\mad_f\PhpstormProjects\untitled\project-seminar-romanov/sessions) in C:\Users\mad_f\PhpstormProjects\untitled\project-seminar-romanov\login.php on line 55
[22-Jun-2022 04:20:35 UTC] PHP Warning:  session_start(): open(C:\Users\mad_f\PhpstormProjects\untitled\project-seminar-romanov/sessions\sess_8nhr2gfevancrkki4p2hgub31a, O_RDWR) failed: No such file or directory (2) in C:\Users\mad_f\PhpstormProjects\untitled\project-seminar-romanov\logout.php on line 38
[22-Jun-2022 04:20:35 UTC] PHP Warning:  session_start(): Failed to read session data: files (path: C:\Users\mad_f\PhpstormProjects\untitled\project-seminar-romanov/sessions) in C:\Users\mad_f\PhpstormProjects\untitled\project-seminar-romanov\logout.php on line 38
[22-Jun-2022 04:24:40 UTC] PHP Warning:  session_start(): open(C:\Users\mad_f\PhpstormProjects\untitled\project-seminar-romanov/sessions\sess_iull1aur3tu0hqb6s1c9lv1qpj, O_RDWR) failed: No such file or directory (2) in C:\Users\mad_f\PhpstormProjects\untitled\project-seminar-romanov\logout.php on line 44
[22-Jun-2022 04:24:40 UTC] PHP Warning:  session_start(): Failed to read session data: files (path: C:\Users\mad_f\PhpstormProjects\untitled\project-seminar-romanov/sessions) in C:\Users\mad_f\PhpstormProjects\untitled\project-seminar-romanov\logout.php on line 44
[22-Jun-2022 04:24:43 UTC] PHP Warning:  session_start(): open(C:\Users\mad_f\PhpstormProjects\untitled\project-seminar-romanov/sessions\sess_usdv7v2vb3fod2g1ts13uoda4v, O_RDWR) failed: No such file or directory (2) in C:\Users\mad_f\PhpstormProjects\untitled\project-seminar-romanov\login.php on line 55
[22-Jun-2022 04:24:43 UTC] PHP Warning:  session_start(): Failed to read session data: files (path: C:\Users\mad_f\PhpstormProjects\untitled\project-seminar-romanov/sessions) in C:\Users\mad_f\PhpstormProjects\untitled\project-seminar-romanov\login.php on line 55
[22-Jun-2022 04:24:50 UTC] PHP Warning:  session_start(): open(C:\Users\mad_f\PhpstormProjects\untitled\project-seminar-romanov/sessions\sess_m6kmic0cdkbd8uk8p0gs3h95n7, O_RDWR) failed: No such file or directory (2) in C:\Users\mad_f\PhpstormProjects\untitled\project-seminar-romanov\logout.php on line 44
[22-Jun-2022 04:24:50 UTC] PHP Warning:  session_start(): Failed to read session data: files (path: C:\Users\mad_f\PhpstormProjects\untitled\project-seminar-romanov/sessions) in C:\Users\mad_f\PhpstormProjects\untitled\project-seminar-romanov\logout.php on line 44
[22-Jun-2022 04:24:52 UTC] PHP Warning:  session_start(): open(C:\Users\mad_f\PhpstormProjects\untitled\project-seminar-romanov/sessions\sess_51er49169jckebepr9dl7eqg7r, O_RDWR) failed: No such file or directory (2) in C:\Users\mad_f\PhpstormProjects\untitled\project-seminar-romanov\logout.php on line 44
[22-Jun-2022 04:24:52 UTC] PHP Warning:  session_start(): Failed to read session data: files (path: C:\Users\mad_f\PhpstormProjects\untitled\project-seminar-romanov/sessions) in C:\Users\mad_f\PhpstormProjects\untitled\project-seminar-romanov\logout.php on line 44
[22-Jun-2022 04:27:32 UTC] PHP Warning:  session_start(): open(C:\Users\mad_f\PhpstormProjects\untitled\project-seminar-romanov/sessions\sess_sn8empmkq0gvcmifv1ksts1hht, O_RDWR) failed: No such file or directory (2) in C:\Users\mad_f\PhpstormProjects\untitled\project-seminar-romanov\login.php on line 55
[22-Jun-2022 04:27:32 UTC] PHP Warning:  session_start(): Failed to read session data: files (path: C:\Users\mad_f\PhpstormProjects\untitled\project-seminar-romanov/sessions) in C:\Users\mad_f\PhpstormProjects\untitled\project-seminar-romanov\login.php on line 55
[22-Jun-2022 04:28:29 UTC] PHP Warning:  session_start(): open(C:\Users\mad_f\PhpstormProjects\untitled\project-seminar-romanov/sessions\sess_mctauno5qik9g4514ptfhv7lu7, O_RDWR) failed: No such file or directory (2) in C:\Users\mad_f\PhpstormProjects\untitled\project-seminar-romanov\login.php on line 55
[22-Jun-2022 04:28:29 UTC] PHP Warning:  session_start(): Failed to read session data: files (path: C:\Users\mad_f\PhpstormProjects\untitled\project-seminar-romanov/sessions) in C:\Users\mad_f\PhpstormProjects\untitled\project-seminar-romanov\login.php on line 55
[22-Jun-2022 04:29:57 UTC] PHP Fatal error:  Uncaught TypeError: ini_set(): Argument #2 ($value) must be of type string, int given in C:\Users\mad_f\PhpstormProjects\untitled\project-seminar-romanov\login.php:50
Stack trace:
#0 C:\Users\mad_f\PhpstormProjects\untitled\project-seminar-romanov\login.php(50): ini_set()
#1 {main}
  thrown in C:\Users\mad_f\PhpstormProjects\untitled\project-seminar-romanov\login.php on line 50
[22-Jun-2022 04:30:04 UTC] PHP Warning:  session_start(): open(C:\Users\mad_f\PhpstormProjects\untitled\project-seminar-romanov/sessions\sess_2qgo1e7cm5ol3hogvrimqhsnum, O_RDWR) failed: No such file or directory (2) in C:\Users\mad_f\PhpstormProjects\untitled\project-seminar-romanov\login.php on line 55
[22-Jun-2022 04:30:04 UTC] PHP Warning:  session_start(): Failed to read session data: files (path: C:\Users\mad_f\PhpstormProjects\untitled\project-seminar-romanov/sessions) in C:\Users\mad_f\PhpstormProjects\untitled\project-seminar-romanov\login.php on line 55
[22-Jun-2022 04:31:25 UTC] PHP Warning:  session_start(): open(C:\Users\mad_f\PhpstormProjects\untitled\project-seminar-romanov/sessions\sess_kgbi0jfeg96hv5scfiq7jmlipq, O_RDWR) failed: No such file or directory (2) in C:\Users\mad_f\PhpstormProjects\untitled\project-seminar-romanov\login.php on line 55
[22-Jun-2022 04:31:25 UTC] PHP Warning:  session_start(): Failed to read session data: files (path: C:\Users\mad_f\PhpstormProjects\untitled\project-seminar-romanov/sessions) in C:\Users\mad_f\PhpstormProjects\untitled\project-seminar-romanov\login.php on line 55
[22-Jun-2022 04:31:41 UTC] PHP Warning:  session_start(): open(C:\Users\mad_f\PhpstormProjects\untitled\project-seminar-romanov/sessions\sess_kgbi0jfeg96hv5scfiq7jmlipq, O_RDWR) failed: No such file or directory (2) in C:\Users\mad_f\PhpstormProjects\untitled\project-seminar-romanov\login.php on line 55
[22-Jun-2022 04:31:41 UTC] PHP Warning:  session_start(): Failed to read session data: files (path: C:\Users\mad_f\PhpstormProjects\untitled\project-seminar-romanov/sessions) in C:\Users\mad_f\PhpstormProjects\untitled\project-seminar-romanov\login.php on line 55
[22-Jun-2022 04:32:51 UTC] PHP Warning:  session_start(): open(C:\Users\mad_f\PhpstormProjects\untitled\project-seminar-romanov/sessions\sess_7trqlb4sa49tq6b20f2biqurt6, O_RDWR) failed: No such file or directory (2) in C:\Users\mad_f\PhpstormProjects\untitled\project-seminar-romanov\login.php on line 56
[22-Jun-2022 04:32:51 UTC] PHP Warning:  session_start(): Failed to read session data: files (path: C:\Users\mad_f\PhpstormProjects\untitled\project-seminar-romanov/sessions) in C:\Users\mad_f\PhpstormProjects\untitled\project-seminar-romanov\login.php on line 56
[22-Jun-2022 04:32:59 UTC] PHP Warning:  session_start(): open(C:\Users\mad_f\PhpstormProjects\untitled\project-seminar-romanov/sessions\sess_v614u0asim58nsm6l41hdsat6t, O_RDWR) failed: No such file or directory (2) in C:\Users\mad_f\PhpstormProjects\untitled\project-seminar-romanov\login.php on line 56
[22-Jun-2022 04:32:59 UTC] PHP Warning:  session_start(): Failed to read session data: files (path: C:\Users\mad_f\PhpstormProjects\untitled\project-seminar-romanov/sessions) in C:\Users\mad_f\PhpstormProjects\untitled\project-seminar-romanov\login.php on line 56
[22-Jun-2022 04:33:15 UTC] PHP Warning:  session_start(): open(C:\Users\mad_f\PhpstormProjects\untitled\project-seminar-romanov/sessions\sess_v614u0asim58nsm6l41hdsat6t, O_RDWR) failed: No such file or directory (2) in C:\Users\mad_f\PhpstormProjects\untitled\project-seminar-romanov\login.php on line 56
[22-Jun-2022 04:33:15 UTC] PHP Warning:  session_start(): Failed to read session data: files (path: C:\Users\mad_f\PhpstormProjects\untitled\project-seminar-romanov/sessions) in C:\Users\mad_f\PhpstormProjects\untitled\project-seminar-romanov\login.php on line 56
[22-Jun-2022 04:33:18 UTC] PHP Warning:  session_start(): open(C:\Users\mad_f\PhpstormProjects\untitled\project-seminar-romanov/sessions\sess_v614u0asim58nsm6l41hdsat6t, O_RDWR) failed: No such file or directory (2) in C:\Users\mad_f\PhpstormProjects\untitled\project-seminar-romanov\login.php on line 56
[22-Jun-2022 04:33:18 UTC] PHP Warning:  session_start(): Failed to read session data: files (path: C:\Users\mad_f\PhpstormProjects\untitled\project-seminar-romanov/sessions) in C:\Users\mad_f\PhpstormProjects\untitled\project-seminar-romanov\login.php on line 56
[22-Jun-2022 04:35:30 UTC] PHP Warning:  session_start(): open(C:\Users\mad_f\PhpstormProjects\untitled\project-seminar-romanov/sessions\sess_9rhqfenluq31sq3c47ch6518ao, O_RDWR) failed: No such file or directory (2) in C:\Users\mad_f\PhpstormProjects\untitled\project-seminar-romanov\login.php on line 56
[22-Jun-2022 04:35:30 UTC] PHP Warning:  session_start(): Failed to read session data: files (path: C:\Users\mad_f\PhpstormProjects\untitled\project-seminar-romanov/sessions) in C:\Users\mad_f\PhpstormProjects\untitled\project-seminar-romanov\login.php on line 56
[22-Jun-2022 04:36:23 UTC] PHP Warning:  session_start(): open(C:\Users\mad_f\PhpstormProjects\untitled\project-seminar-romanov/sessions\sess_01314o3plvfpijctqgn1kajka5, O_RDWR) failed: No such file or directory (2) in C:\Users\mad_f\PhpstormProjects\untitled\project-seminar-romanov\login.php on line 56
[22-Jun-2022 04:36:23 UTC] PHP Warning:  session_start(): Failed to read session data: files (path: C:\Users\mad_f\PhpstormProjects\untitled\project-seminar-romanov/sessions) in C:\Users\mad_f\PhpstormProjects\untitled\project-seminar-romanov\login.php on line 56
[22-Jun-2022 04:37:50 UTC] PHP Warning:  session_start(): open(C:\Users\mad_f\PhpstormProjects\untitled\project-seminar-romanov/sessions\sess_j1g36okd8bcpmrqvdajhgc5usm, O_RDWR) failed: No such file or directory (2) in C:\Users\mad_f\PhpstormProjects\untitled\project-seminar-romanov\login.php on line 56
[22-Jun-2022 04:37:50 UTC] PHP Warning:  session_start(): Failed to read session data: files (path: C:\Users\mad_f\PhpstormProjects\untitled\project-seminar-romanov/sessions) in C:\Users\mad_f\PhpstormProjects\untitled\project-seminar-romanov\login.php on line 56
[22-Jun-2022 04:38:08 UTC] PHP Warning:  session_start(): open(C:\Users\mad_f\PhpstormProjects\untitled\project-seminar-romanov/sessions\sess_pgm65066erqsrf26fbfv155qnr, O_RDWR) failed: No such file or directory (2) in C:\Users\mad_f\PhpstormProjects\untitled\project-seminar-romanov\login.php on line 56
[22-Jun-2022 04:38:08 UTC] PHP Warning:  session_start(): Failed to read session data: files (path: C:\Users\mad_f\PhpstormProjects\untitled\project-seminar-romanov/sessions) in C:\Users\mad_f\PhpstormProjects\untitled\project-seminar-romanov\login.php on line 56
[22-Jun-2022 04:38:46 UTC] PHP Warning:  session_start(): open(C:\Users\mad_f\PhpstormProjects\untitled\project-seminar-romanov/sessions\sess_pgm65066erqsrf26fbfv155qnr, O_RDWR) failed: No such file or directory (2) in C:\Users\mad_f\PhpstormProjects\untitled\project-seminar-romanov\logout.php on line 44
[22-Jun-2022 04:38:46 UTC] PHP Warning:  session_start(): Failed to read session data: files (path: C:\Users\mad_f\PhpstormProjects\untitled\project-seminar-romanov/sessions) in C:\Users\mad_f\PhpstormProjects\untitled\project-seminar-romanov\logout.php on line 44
[22-Jun-2022 04:39:21 UTC] PHP Warning:  session_start(): open(C:\Users\mad_f\PhpstormProjects\untitled\project-seminar-romanov/sessions\sess_mmif83ji0v9ecitsrg3eakrdki, O_RDWR) failed: No such file or directory (2) in C:\Users\mad_f\PhpstormProjects\untitled\project-seminar-romanov\logout.php on line 44
[22-Jun-2022 04:39:21 UTC] PHP Warning:  session_start(): Failed to read session data: files (path: C:\Users\mad_f\PhpstormProjects\untitled\project-seminar-romanov/sessions) in C:\Users\mad_f\PhpstormProjects\untitled\project-seminar-romanov\logout.php on line 44
[22-Jun-2022 04:46:45 UTC] PHP Warning:  session_start(): open(/sessions\sess_0plh2u6vg07t2vqq0t3lrq7qlh, O_RDWR) failed: No such file or directory (2) in C:\Users\mad_f\PhpstormProjects\untitled\project-seminar-romanov\login.php on line 56
[22-Jun-2022 04:46:45 UTC] PHP Warning:  session_start(): Failed to read session data: files (path: /sessions) in C:\Users\mad_f\PhpstormProjects\untitled\project-seminar-romanov\login.php on line 56
[22-Jun-2022 04:46:50 UTC] PHP Warning:  session_start(): open(sessions\sess_0plh2u6vg07t2vqq0t3lrq7qlh, O_RDWR) failed: No such file or directory (2) in C:\Users\mad_f\PhpstormProjects\untitled\project-seminar-romanov\login.php on line 56
[22-Jun-2022 04:46:50 UTC] PHP Warning:  session_start(): Failed to read session data: files (path: sessions) in C:\Users\mad_f\PhpstormProjects\untitled\project-seminar-romanov\login.php on line 56
[22-Jun-2022 04:47:10 UTC] PHP Warning:  session_start(): open(C:\Users\mad_f\PhpstormProjects\untitled\project-seminar-romanov/sessions\sess_0plh2u6vg07t2vqq0t3lrq7qlh, O_RDWR) failed: No such file or directory (2) in C:\Users\mad_f\PhpstormProjects\untitled\project-seminar-romanov\login.php on line 56
[22-Jun-2022 04:47:10 UTC] PHP Warning:  session_start(): Failed to read session data: files (path: C:\Users\mad_f\PhpstormProjects\untitled\project-seminar-romanov/sessions) in C:\Users\mad_f\PhpstormProjects\untitled\project-seminar-romanov\login.php on line 56
[22-Jun-2022 04:48:40 UTC] PHP Warning:  session_start(): open(C:\Users\mad_f\PhpstormProjects\untitled\project-seminar-romanov/sessions\sess_8nc7b3b9qkttlek9evfob5t5aq, O_RDWR) failed: No such file or directory (2) in C:\Users\mad_f\PhpstormProjects\untitled\project-seminar-romanov\login.php on line 56
[22-Jun-2022 04:48:40 UTC] PHP Warning:  session_start(): Failed to read session data: files (path: C:\Users\mad_f\PhpstormProjects\untitled\project-seminar-romanov/sessions) in C:\Users\mad_f\PhpstormProjects\untitled\project-seminar-romanov\login.php on line 56
[22-Jun-2022 04:48:46 UTC] PHP Warning:  session_id(): Session ID cannot be changed when a session is active in C:\Users\mad_f\PhpstormProjects\untitled\project-seminar-romanov\login.php on line 58
[22-Jun-2022 04:48:49 UTC] PHP Warning:  session_id(): Session ID cannot be changed when a session is active in C:\Users\mad_f\PhpstormProjects\untitled\project-seminar-romanov\login.php on line 58
[22-Jun-2022 04:49:04 UTC] PHP Warning:  session_id(): Session ID cannot be changed when a session is active in C:\Users\mad_f\PhpstormProjects\untitled\project-seminar-romanov\login.php on line 57
[22-Jun-2022 04:49:22 UTC] PHP Warning:  session_id(): Session ID cannot be changed when a session is active in C:\Users\mad_f\PhpstormProjects\untitled\project-seminar-romanov\login.php on line 57
[22-Jun-2022 04:49:41 UTC] PHP Warning:  session_id(): Session ID cannot be changed when a session is active in C:\Users\mad_f\PhpstormProjects\untitled\project-seminar-romanov\login.php on line 57
[22-Jun-2022 04:49:47 UTC] PHP Warning:  session_id(): Session ID cannot be changed when a session is active in C:\Users\mad_f\PhpstormProjects\untitled\project-seminar-romanov\login.php on line 57
[22-Jun-2022 04:49:50 UTC] PHP Warning:  session_id(): Session ID cannot be changed when a session is active in C:\Users\mad_f\PhpstormProjects\untitled\project-seminar-romanov\login.php on line 57
[22-Jun-2022 04:49:52 UTC] PHP Warning:  session_id(): Session ID cannot be changed when a session is active in C:\Users\mad_f\PhpstormProjects\untitled\project-seminar-romanov\login.php on line 57
[22-Jun-2022 04:50:06 UTC] PHP Warning:  session_start(): open(C:\Users\mad_f\PhpstormProjects\untitled\project-seminar-romanov/sessions\sess_33eiuq7o9vrooifeae3i7548nk, O_RDWR) failed: No such file or directory (2) in C:\Users\mad_f\PhpstormProjects\untitled\project-seminar-romanov\login.php on line 57
[22-Jun-2022 04:50:06 UTC] PHP Warning:  session_start(): Failed to read session data: files (path: C:\Users\mad_f\PhpstormProjects\untitled\project-seminar-romanov/sessions) in C:\Users\mad_f\PhpstormProjects\untitled\project-seminar-romanov\login.php on line 57
[22-Jun-2022 04:50:10 UTC] PHP Warning:  session_start(): open(C:\Users\mad_f\PhpstormProjects\untitled\project-seminar-romanov/sessions\sess_33eiuq7o9vrooifeae3i7548nk, O_RDWR) failed: No such file or directory (2) in C:\Users\mad_f\PhpstormProjects\untitled\project-seminar-romanov\login.php on line 57
[22-Jun-2022 04:50:10 UTC] PHP Warning:  session_start(): Failed to read session data: files (path: C:\Users\mad_f\PhpstormProjects\untitled\project-seminar-romanov/sessions) in C:\Users\mad_f\PhpstormProjects\untitled\project-seminar-romanov\login.php on line 57
[22-Jun-2022 04:50:21 UTC] PHP Warning:  session_start(): open(C:\Users\mad_f\PhpstormProjects\untitled\project-seminar-romanov/sessions\sess_33eiuq7o9vrooifeae3i7548nk, O_RDWR) failed: No such file or directory (2) in C:\Users\mad_f\PhpstormProjects\untitled\project-seminar-romanov\login.php on line 57
[22-Jun-2022 04:50:21 UTC] PHP Warning:  session_start(): Failed to read session data: files (path: C:\Users\mad_f\PhpstormProjects\untitled\project-seminar-romanov/sessions) in C:\Users\mad_f\PhpstormProjects\untitled\project-seminar-romanov\login.php on line 57
[22-Jun-2022 04:50:26 UTC] PHP Warning:  session_start(): open(C:\Users\mad_f\PhpstormProjects\untitled\project-seminar-romanov/sessions\sess_33eiuq7o9vrooifeae3i7548nk, O_RDWR) failed: No such file or directory (2) in C:\Users\mad_f\PhpstormProjects\untitled\project-seminar-romanov\login.php on line 57
[22-Jun-2022 04:50:26 UTC] PHP Warning:  session_start(): Failed to read session data: files (path: C:\Users\mad_f\PhpstormProjects\untitled\project-seminar-romanov/sessions) in C:\Users\mad_f\PhpstormProjects\untitled\project-seminar-romanov\login.php on line 57
[22-Jun-2022 04:50:30 UTC] PHP Warning:  session_start(): open(C:\Users\mad_f\PhpstormProjects\untitled\project-seminar-romanov/sessions\sess_33eiuq7o9vrooifeae3i7548nk, O_RDWR) failed: No such file or directory (2) in C:\Users\mad_f\PhpstormProjects\untitled\project-seminar-romanov\login.php on line 57
[22-Jun-2022 04:50:30 UTC] PHP Warning:  session_start(): Failed to read session data: files (path: C:\Users\mad_f\PhpstormProjects\untitled\project-seminar-romanov/sessions) in C:\Users\mad_f\PhpstormProjects\untitled\project-seminar-romanov\login.php on line 57
[22-Jun-2022 04:51:47 UTC] PHP Warning:  session_start(): open(C:\Users\mad_f\PhpstormProjects\untitled\project-seminar-romanov/sessions\sess_u7gfm9pl942c3ildd079nle9ks, O_RDWR) failed: No such file or directory (2) in C:\Users\mad_f\PhpstormProjects\untitled\project-seminar-romanov\login.php on line 57
[22-Jun-2022 04:51:47 UTC] PHP Warning:  session_start(): Failed to read session data: files (path: C:\Users\mad_f\PhpstormProjects\untitled\project-seminar-romanov/sessions) in C:\Users\mad_f\PhpstormProjects\untitled\project-seminar-romanov\login.php on line 57
[22-Jun-2022 04:52:03 UTC] PHP Warning:  session_start(): open(C:\Users\mad_f\PhpstormProjects\untitled\project-seminar-romanov/sessions\sess_u7gfm9pl942c3ildd079nle9ks, O_RDWR) failed: No such file or directory (2) in C:\Users\mad_f\PhpstormProjects\untitled\project-seminar-romanov\login.php on line 57
[22-Jun-2022 04:52:03 UTC] PHP Warning:  session_start(): Failed to read session data: files (path: C:\Users\mad_f\PhpstormProjects\untitled\project-seminar-romanov/sessions) in C:\Users\mad_f\PhpstormProjects\untitled\project-seminar-romanov\login.php on line 57
[22-Jun-2022 04:52:08 UTC] PHP Warning:  session_start(): open(C:\Users\mad_f\PhpstormProjects\untitled\project-seminar-romanov/sessions\sess_u7gfm9pl942c3ildd079nle9ks, O_RDWR) failed: No such file or directory (2) in C:\Users\mad_f\PhpstormProjects\untitled\project-seminar-romanov\login.php on line 57
[22-Jun-2022 04:52:08 UTC] PHP Warning:  session_start(): Failed to read session data: files (path: C:\Users\mad_f\PhpstormProjects\untitled\project-seminar-romanov/sessions) in C:\Users\mad_f\PhpstormProjects\untitled\project-seminar-romanov\login.php on line 57
[22-Jun-2022 04:52:15 UTC] PHP Warning:  session_start(): open(C:\Users\mad_f\PhpstormProjects\untitled\project-seminar-romanov/sessions\sess_u7gfm9pl942c3ildd079nle9ks, O_RDWR) failed: No such file or directory (2) in C:\Users\mad_f\PhpstormProjects\untitled\project-seminar-romanov\login.php on line 57
[22-Jun-2022 04:52:15 UTC] PHP Warning:  session_start(): Failed to read session data: files (path: C:\Users\mad_f\PhpstormProjects\untitled\project-seminar-romanov/sessions) in C:\Users\mad_f\PhpstormProjects\untitled\project-seminar-romanov\login.php on line 57
[22-Jun-2022 04:52:22 UTC] PHP Warning:  session_start(): open(C:\Users\mad_f\PhpstormProjects\untitled\project-seminar-romanov/sessions\sess_u7gfm9pl942c3ildd079nle9ks, O_RDWR) failed: No such file or directory (2) in C:\Users\mad_f\PhpstormProjects\untitled\project-seminar-romanov\login.php on line 57
[22-Jun-2022 04:52:22 UTC] PHP Warning:  session_start(): Failed to read session data: files (path: C:\Users\mad_f\PhpstormProjects\untitled\project-seminar-romanov/sessions) in C:\Users\mad_f\PhpstormProjects\untitled\project-seminar-romanov\login.php on line 57
[22-Jun-2022 04:52:39 UTC] PHP Warning:  session_start(): open(C:\Users\mad_f\PhpstormProjects\untitled\project-seminar-romanov/sessions\sess_u7gfm9pl942c3ildd079nle9ks, O_RDWR) failed: No such file or directory (2) in C:\Users\mad_f\PhpstormProjects\untitled\project-seminar-romanov\login.php on line 57
[22-Jun-2022 04:52:39 UTC] PHP Warning:  session_start(): Failed to read session data: files (path: C:\Users\mad_f\PhpstormProjects\untitled\project-seminar-romanov/sessions) in C:\Users\mad_f\PhpstormProjects\untitled\project-seminar-romanov\login.php on line 57
[22-Jun-2022 04:53:57 UTC] PHP Warning:  session_start(): open(C:\Users\mad_f\PhpstormProjects\untitled\project-seminar-romanov/sessions\sess_bbfh2uipv87fkqbea4epp1b23a, O_RDWR) failed: No such file or directory (2) in C:\Users\mad_f\PhpstormProjects\untitled\project-seminar-romanov\login.php on line 57
[22-Jun-2022 04:53:57 UTC] PHP Warning:  session_start(): Failed to read session data: files (path: C:\Users\mad_f\PhpstormProjects\untitled\project-seminar-romanov/sessions) in C:\Users\mad_f\PhpstormProjects\untitled\project-seminar-romanov\login.php on line 57
[22-Jun-2022 04:54:00 UTC] PHP Warning:  session_start(): open(C:\Users\mad_f\PhpstormProjects\untitled\project-seminar-romanov/sessions\sess_jkms12iq11b0dood0jtl6k34bi, O_RDWR) failed: No such file or directory (2) in C:\Users\mad_f\PhpstormProjects\untitled\project-seminar-romanov\login.php on line 57
[22-Jun-2022 04:54:00 UTC] PHP Warning:  session_start(): Failed to read session data: files (path: C:\Users\mad_f\PhpstormProjects\untitled\project-seminar-romanov/sessions) in C:\Users\mad_f\PhpstormProjects\untitled\project-seminar-romanov\login.php on line 57
[22-Jun-2022 04:56:37 UTC] PHP Warning:  session_start(): open(C:\Users\mad_f\PhpstormProjects\untitled\project-seminar-romanov/sessions\sess_pivmo3ib6nrff8n867nc3dmla7, O_RDWR) failed: No such file or directory (2) in C:\Users\mad_f\PhpstormProjects\untitled\project-seminar-romanov\login.php on line 57
[22-Jun-2022 04:56:37 UTC] PHP Warning:  session_start(): Failed to read session data: files (path: C:\Users\mad_f\PhpstormProjects\untitled\project-seminar-romanov/sessions) in C:\Users\mad_f\PhpstormProjects\untitled\project-seminar-romanov\login.php on line 57
[22-Jun-2022 04:57:32 UTC] PHP Warning:  session_start(): open(C:\Users\mad_f\PhpstormProjects\untitled\project-seminar-romanov/sessions\sess_htsvs12rtuc3hansfb0hiobof1, O_RDWR) failed: No such file or directory (2) in C:\Users\mad_f\PhpstormProjects\untitled\project-seminar-romanov\login.php on line 57
[22-Jun-2022 04:57:32 UTC] PHP Warning:  session_start(): Failed to read session data: files (path: C:\Users\mad_f\PhpstormProjects\untitled\project-seminar-romanov/sessions) in C:\Users\mad_f\PhpstormProjects\untitled\project-seminar-romanov\login.php on line 57
[22-Jun-2022 05:01:09 UTC] PHP Warning:  session_start(): open(C:\Users\mad_f\PhpstormProjects\untitled\project-seminar-romanov/sessions\sess_qv91lkr2plh02hb3196e9oj08c, O_RDWR) failed: No such file or directory (2) in C:\Users\mad_f\PhpstormProjects\untitled\project-seminar-romanov\login.php on line 58
[22-Jun-2022 05:01:09 UTC] PHP Warning:  session_start(): Failed to read session data: files (path: C:\Users\mad_f\PhpstormProjects\untitled\project-seminar-romanov/sessions) in C:\Users\mad_f\PhpstormProjects\untitled\project-seminar-romanov\login.php on line 58
[22-Jun-2022 05:01:41 UTC] PHP Warning:  session_start(): open(C:\Users\mad_f\PhpstormProjects\untitled\project-seminar-romanov/sessions\sess_rrjc1q2hb675hiidjrqg0684eb, O_RDWR) failed: No such file or directory (2) in C:\Users\mad_f\PhpstormProjects\untitled\project-seminar-romanov\login.php on line 58
[22-Jun-2022 05:01:41 UTC] PHP Warning:  session_start(): Failed to read session data: files (path: C:\Users\mad_f\PhpstormProjects\untitled\project-seminar-romanov/sessions) in C:\Users\mad_f\PhpstormProjects\untitled\project-seminar-romanov\login.php on line 58
[22-Jun-2022 05:01:55 UTC] PHP Warning:  session_start(): open(C:\Users\mad_f\PhpstormProjects\untitled\project-seminar-romanov/sessions\sess_adu0rl81hc6p899chv38nan48f, O_RDWR) failed: No such file or directory (2) in C:\Users\mad_f\PhpstormProjects\untitled\project-seminar-romanov\login.php on line 58
[22-Jun-2022 05:01:55 UTC] PHP Warning:  session_start(): Failed to read session data: files (path: C:\Users\mad_f\PhpstormProjects\untitled\project-seminar-romanov/sessions) in C:\Users\mad_f\PhpstormProjects\untitled\project-seminar-romanov\login.php on line 58
[22-Jun-2022 05:02:10 UTC] PHP Warning:  session_start(): open(C:\Users\mad_f\PhpstormProjects\untitled\project-seminar-romanov/sessions\sess_fgi6ln4fb54rqflccaf06lsmf6, O_RDWR) failed: No such file or directory (2) in C:\Users\mad_f\PhpstormProjects\untitled\project-seminar-romanov\login.php on line 58
[22-Jun-2022 05:02:10 UTC] PHP Warning:  session_start(): Failed to read session data: files (path: C:\Users\mad_f\PhpstormProjects\untitled\project-seminar-romanov/sessions) in C:\Users\mad_f\PhpstormProjects\untitled\project-seminar-romanov\login.php on line 58
[22-Jun-2022 05:02:57 UTC] PHP Warning:  session_start(): open(C:\Users\mad_f\PhpstormProjects\untitled\project-seminar-romanov/sessions\sess_7u4vi7gv2uhbbmd3raub80265u, O_RDWR) failed: No such file or directory (2) in C:\Users\mad_f\PhpstormProjects\untitled\project-seminar-romanov\login.php on line 58
[22-Jun-2022 05:02:57 UTC] PHP Warning:  session_start(): Failed to read session data: files (path: C:\Users\mad_f\PhpstormProjects\untitled\project-seminar-romanov/sessions) in C:\Users\mad_f\PhpstormProjects\untitled\project-seminar-romanov\login.php on line 58
[22-Jun-2022 05:03:03 UTC] PHP Warning:  session_start(): open(C:\Users\mad_f\PhpstormProjects\untitled\project-seminar-romanov/sessions\sess_hjq2tiknklpc7ne62714obk6qi, O_RDWR) failed: No such file or directory (2) in C:\Users\mad_f\PhpstormProjects\untitled\project-seminar-romanov\login.php on line 58
[22-Jun-2022 05:03:03 UTC] PHP Warning:  session_start(): Failed to read session data: files (path: C:\Users\mad_f\PhpstormProjects\untitled\project-seminar-romanov/sessions) in C:\Users\mad_f\PhpstormProjects\untitled\project-seminar-romanov\login.php on line 58
[22-Jun-2022 05:03:06 UTC] PHP Warning:  session_start(): open(C:\Users\mad_f\PhpstormProjects\untitled\project-seminar-romanov/sessions\sess_4jjqebu9ai7bdjd869qb828ume, O_RDWR) failed: No such file or directory (2) in C:\Users\mad_f\PhpstormProjects\untitled\project-seminar-romanov\login.php on line 58
[22-Jun-2022 05:03:06 UTC] PHP Warning:  session_start(): Failed to read session data: files (path: C:\Users\mad_f\PhpstormProjects\untitled\project-seminar-romanov/sessions) in C:\Users\mad_f\PhpstormProjects\untitled\project-seminar-romanov\login.php on line 58
[22-Jun-2022 05:06:05 UTC] PHP Warning:  session_start(): open(C:\Users\mad_f\PhpstormProjects\untitled\project-seminar-romanov/sessions\sess_j7olq01map4lsrq7ofq0e4gnds, O_RDWR) failed: No such file or directory (2) in C:\Users\mad_f\PhpstormProjects\untitled\project-seminar-romanov\login.php on line 54
[22-Jun-2022 05:06:05 UTC] PHP Warning:  session_start(): Failed to read session data: files (path: C:\Users\mad_f\PhpstormProjects\untitled\project-seminar-romanov/sessions) in C:\Users\mad_f\PhpstormProjects\untitled\project-seminar-romanov\login.php on line 54
[22-Jun-2022 05:06:13 UTC] PHP Warning:  session_start(): open(C:\Users\mad_f\PhpstormProjects\untitled\project-seminar-romanov/sessions\sess_j7olq01map4lsrq7ofq0e4gnds, O_RDWR) failed: No such file or directory (2) in C:\Users\mad_f\PhpstormProjects\untitled\project-seminar-romanov\login.php on line 54
[22-Jun-2022 05:06:13 UTC] PHP Warning:  session_start(): Failed to read session data: files (path: C:\Users\mad_f\PhpstormProjects\untitled\project-seminar-romanov/sessions) in C:\Users\mad_f\PhpstormProjects\untitled\project-seminar-romanov\login.php on line 54
[22-Jun-2022 05:06:23 UTC] PHP Warning:  session_start(): open(C:\Users\mad_f\PhpstormProjects\untitled\project-seminar-romanov/sessions\sess_j7olq01map4lsrq7ofq0e4gnds, O_RDWR) failed: No such file or directory (2) in C:\Users\mad_f\PhpstormProjects\untitled\project-seminar-romanov\login.php on line 54
[22-Jun-2022 05:06:23 UTC] PHP Warning:  session_start(): Failed to read session data: files (path: C:\Users\mad_f\PhpstormProjects\untitled\project-seminar-romanov/sessions) in C:\Users\mad_f\PhpstormProjects\untitled\project-seminar-romanov\login.php on line 54
[22-Jun-2022 05:06:41 UTC] PHP Warning:  session_start(): open(C:\Users\mad_f\PhpstormProjects\untitled\project-seminar-romanov/sessions\sess_j7olq01map4lsrq7ofq0e4gnds, O_RDWR) failed: No such file or directory (2) in C:\Users\mad_f\PhpstormProjects\untitled\project-seminar-romanov\login.php on line 54
[22-Jun-2022 05:06:41 UTC] PHP Warning:  session_start(): Failed to read session data: files (path: C:\Users\mad_f\PhpstormProjects\untitled\project-seminar-romanov/sessions) in C:\Users\mad_f\PhpstormProjects\untitled\project-seminar-romanov\login.php on line 54
[22-Jun-2022 05:06:54 UTC] PHP Warning:  session_id(): Session ID cannot be changed when a session is active in C:\Users\mad_f\PhpstormProjects\untitled\project-seminar-romanov\login.php on line 55
[22-Jun-2022 05:07:08 UTC] PHP Warning:  session_id(): Session ID cannot be changed when a session is active in C:\Users\mad_f\PhpstormProjects\untitled\project-seminar-romanov\login.php on line 54
[22-Jun-2022 05:07:41 UTC] PHP Warning:  session_id(): Session ID cannot be changed when a session is active in C:\Users\mad_f\PhpstormProjects\untitled\project-seminar-romanov\login.php on line 54
[22-Jun-2022 05:07:49 UTC] PHP Warning:  session_id(): Session ID cannot be changed when a session is active in C:\Users\mad_f\PhpstormProjects\untitled\project-seminar-romanov\login.php on line 54
[22-Jun-2022 05:08:51 UTC] PHP Warning:  session_id(): Session ID cannot be changed when a session is active in C:\Users\mad_f\PhpstormProjects\untitled\project-seminar-romanov\login.php on line 54
[22-Jun-2022 05:09:50 UTC] PHP Warning:  session_id(): Session ID cannot be changed when a session is active in C:\Users\mad_f\PhpstormProjects\untitled\project-seminar-romanov\login.php on line 54
[22-Jun-2022 05:10:41 UTC] PHP Warning:  session_id(): Session ID cannot be changed when a session is active in C:\Users\mad_f\PhpstormProjects\untitled\project-seminar-romanov\login.php on line 54
[22-Jun-2022 05:13:26 UTC] PHP Warning:  session_id(): Session ID cannot be changed when a session is active in C:\Users\mad_f\PhpstormProjects\untitled\project-seminar-romanov\login.php on line 54
[22-Jun-2022 05:13:33 UTC] PHP Warning:  session_id(): Session ID cannot be changed when a session is active in C:\Users\mad_f\PhpstormProjects\untitled\project-seminar-romanov\login.php on line 54
[22-Jun-2022 05:13:47 UTC] PHP Warning:  session_id(): Session ID cannot be changed when a session is active in C:\Users\mad_f\PhpstormProjects\untitled\project-seminar-romanov\login.php on line 54
[22-Jun-2022 05:13:52 UTC] PHP Warning:  session_id(): Session ID cannot be changed when a session is active in C:\Users\mad_f\PhpstormProjects\untitled\project-seminar-romanov\login.php on line 54
[22-Jun-2022 05:13:53 UTC] PHP Warning:  session_id(): Session ID cannot be changed when a session is active in C:\Users\mad_f\PhpstormProjects\untitled\project-seminar-romanov\login.php on line 54
[22-Jun-2022 05:13:53 UTC] PHP Warning:  session_id(): Session ID cannot be changed when a session is active in C:\Users\mad_f\PhpstormProjects\untitled\project-seminar-romanov\login.php on line 54
[22-Jun-2022 05:14:54 UTC] PHP Warning:  session_id(): Session ID cannot be changed when a session is active in C:\Users\mad_f\PhpstormProjects\untitled\project-seminar-romanov\login.php on line 54
[22-Jun-2022 05:14:57 UTC] PHP Warning:  session_id(): Session ID cannot be changed when a session is active in C:\Users\mad_f\PhpstormProjects\untitled\project-seminar-romanov\login.php on line 54
[22-Jun-2022 05:15:08 UTC] PHP Warning:  session_id(): Session ID cannot be changed when a session is active in C:\Users\mad_f\PhpstormProjects\untitled\project-seminar-romanov\login.php on line 54
[22-Jun-2022 05:18:42 UTC] PHP Warning:  session_id(): Session ID cannot be changed when a session is active in C:\Users\mad_f\PhpstormProjects\untitled\project-seminar-romanov\login.php on line 54
[22-Jun-2022 05:40:53 UTC] Создана сессия: ur5svkh27s3lbkcff89791eqcb
[22-Jun-2022 05:41:01 UTC] Получен доступ сессией : ur5svkh27s3lbkcff89791eqcb
[22-Jun-2022 05:41:06 UTC] Попытка получения доступа под сессией : b5cb2nn807e2f05bd047me7qic
[22-Jun-2022 05:41:11 UTC] Попытка получения доступа под сессией : b5cb2nn807e2f05bd047me7qic
[22-Jun-2022 05:41:28 UTC] Создана сессия: ga0gvqpls8gaeq0ukcc8pjtsv3
[22-Jun-2022 05:41:31 UTC] Отменена сессия: ga0gvqpls8gaeq0ukcc8pjtsv3
[22-Jun-2022 06:09:22 UTC] Создана сессия: jsl4omboi2nbr2hgg1fkuavafk
[22-Jun-2022 06:09:28 UTC] Создана сессия: dvh06h1bk9vjei2mfduujlc1ui
[22-Jun-2022 06:09:32 UTC] Отменена сессия: dvh06h1bk9vjei2mfduujlc1ui
[22-Jun-2022 06:09:34 UTC] logout: Ошибка - пользователь не авторизован
[22-Jun-2022 06:09:36 UTC] logout: Ошибка - пользователь не авторизован
[22-Jun-2022 06:09:37 UTC] logout: Ошибка - пользователь не авторизован
[22-Jun-2022 06:09:39 UTC] logout: Ошибка - пользователь не авторизован
